<?xml version="1.0" encoding="UTF-8"?>
<testng-results skipped="0" failed="0" total="1" passed="1">
  <reporter-output>
  </reporter-output>
  <suite name="Suite" duration-ms="30449" started-at="2018-05-03T13:17:01Z" finished-at="2018-05-03T13:17:31Z">
    <groups>
    </groups>
    <test name="Test" duration-ms="30449" started-at="2018-05-03T13:17:01Z" finished-at="2018-05-03T13:17:31Z">
      <class name="Final">
        <test-method status="PASS" signature="testing()[pri:0, instance:Final@7f77e91b]" name="testing" duration-ms="30437" started-at="2018-05-03T18:47:01Z" finished-at="2018-05-03T18:47:31Z">
          <reporter-output>
          </reporter-output>
        </test-method> <!-- testing -->
      </class> <!-- Final -->
    </test> <!-- Test -->
  </suite> <!-- Suite -->
</testng-results>
